<?xml version="1.0" encoding="UTF-8"?>
<!-- Generated by org.testng.reporters.JUnitReportReporter -->
<testsuite hostname="DESKTOP-TQONPAL" failures="0" tests="2" name="testng_automation_code_jan_31st_2023.SeleniumCode_UsingTestNG" time="14.564" errors="0" timestamp="2023-01-31T22:00:12 EST" skipped="0">
  <testcase classname="testng_automation_code_jan_31st_2023.SeleniumCode_UsingTestNG" name="clickOnSignInLink" time="5.819"/>
  <system-out/>
  <testcase classname="testng_automation_code_jan_31st_2023.SeleniumCode_UsingTestNG" name="clickOnMoneyLink" time="8.745"/>
  <system-out/>
</testsuite> <!-- testng_automation_code_jan_31st_2023.SeleniumCode_UsingTestNG -->
