<?xml version="1.0" encoding="UTF-8"?>
<!-- Generated by org.testng.reporters.JUnitReportReporter -->
<testsuite hostname="DESKTOP-TQONPAL" failures="0" tests="3" name="testng_automation_code_jan_31st_2023.MultipleWebsites" time="15.593" errors="0" timestamp="2023-01-31T22:58:47 EST" skipped="0">
  <testcase classname="testng_automation_code_jan_31st_2023.MultipleWebsites" name="openFlipkart" time="7.699"/>
  <system-out/>
  <testcase classname="testng_automation_code_jan_31st_2023.MultipleWebsites" name="openAmazon" time="3.366"/>
  <system-out/>
  <testcase classname="testng_automation_code_jan_31st_2023.MultipleWebsites" name="openWalmart" time="4.528"/>
  <system-out/>
</testsuite> <!-- testng_automation_code_jan_31st_2023.MultipleWebsites -->
