<?xml version="1.0" encoding="UTF-8"?>
<!-- Generated by org.testng.reporters.JUnitReportReporter -->
<testsuite hostname="DESKTOP-TQONPAL" failures="0" tests="1" name="testng_hardvssoftassert_feb_7th_2023.TN_Assert" time="9.286" errors="0" timestamp="2023-02-07T21:42:10 EST" skipped="0">
  <testcase classname="testng_hardvssoftassert_feb_7th_2023.TN_Assert" name="loginTest" time="9.286"/>
  <system-out/>
</testsuite> <!-- testng_hardvssoftassert_feb_7th_2023.TN_Assert -->
