<?xml version="1.0" encoding="UTF-8"?>
<!-- Generated by org.testng.reporters.JUnitReportReporter -->
<testsuite hostname="DESKTOP-TQONPAL" failures="0" tests="1" name="testng_automation_code_feb_7th_2023.Flipkart" time="6.755" errors="0" timestamp="2023-02-07T19:28:46 EST" skipped="0">
  <testcase classname="testng_automation_code_feb_7th_2023.Flipkart" name="flipkartTest" time="6.755"/>
  <system-out/>
</testsuite> <!-- testng_automation_code_feb_7th_2023.Flipkart -->
